2021-07-01 14:31:15,513 - Logger - INFO - 打开网页，网页链接是：http://127.0.0.1/zentao/
2021-07-01 14:31:15,529 - Logger - INFO - 元素识别成功，元素名称是：用户名输入框
2021-07-01 14:31:15,562 - Logger - INFO - 用户名输入框元素输入内容，输入的内容是：admin
2021-07-01 14:31:15,572 - Logger - INFO - 元素识别成功，元素名称是：密码输入框
2021-07-01 14:31:15,619 - Logger - INFO - 密码输入框元素输入内容，输入的内容是：123
2021-07-01 14:31:15,628 - Logger - INFO - 元素识别成功，元素名称是：登录按钮
2021-07-01 14:31:15,669 - Logger - INFO - 登录按钮元素点击成功
2021-07-01 14:31:17,673 - Logger - INFO - 获取alter弹窗文案，文案为：[登录失败，请检查您的用户名或密码是否填写正确。]
2021-07-01 14:31:19,830 - Logger - INFO - 关闭浏览器
2021-07-01 14:31:21,505 - Logger - INFO - 打开网页，网页链接是：http://127.0.0.1/zentao/
2021-07-01 14:31:21,520 - Logger - INFO - 元素识别成功，元素名称是：用户名输入框
2021-07-01 14:31:21,554 - Logger - INFO - 用户名输入框元素输入内容，输入的内容是：admin
2021-07-01 14:31:21,563 - Logger - INFO - 元素识别成功，元素名称是：密码输入框
2021-07-01 14:31:21,620 - Logger - INFO - 密码输入框元素输入内容，输入的内容是：DENGdaxin12
2021-07-01 14:31:21,630 - Logger - INFO - 元素识别成功，元素名称是：登录按钮
2021-07-01 14:31:21,669 - Logger - INFO - 登录按钮元素点击成功
2021-07-01 14:31:22,024 - Logger - INFO - 元素识别成功，元素名称是：用户信息
2021-07-01 14:31:22,067 - Logger - INFO - 用户信息元素点击成功
2021-07-01 14:31:22,079 - Logger - INFO - 元素识别成功，元素名称是：退出登录
2021-07-01 14:31:22,465 - Logger - INFO - 退出登录元素点击成功
2021-07-01 14:31:22,474 - Logger - INFO - 获取页面title，title为：用户登录 - 禅道
2021-07-01 14:31:25,803 - Logger - INFO - 关闭浏览器
