2021-07-01 15:12:46,370 - Logger - INFO - 打开网页，网页链接是：http://127.0.0.1/zentao/
2021-07-01 15:12:46,385 - Logger - INFO - 元素识别成功，元素名称是：用户名输入框
2021-07-01 15:12:46,420 - Logger - INFO - 用户名输入框元素输入内容，输入的内容是：admin
2021-07-01 15:12:46,429 - Logger - INFO - 元素识别成功，元素名称是：密码输入框
2021-07-01 15:12:46,476 - Logger - INFO - 密码输入框元素输入内容，输入的内容是：123
2021-07-01 15:12:46,486 - Logger - INFO - 元素识别成功，元素名称是：登录按钮
2021-07-01 15:12:46,528 - Logger - INFO - 登录按钮元素点击成功
2021-07-01 15:12:48,533 - Logger - INFO - 获取alter弹窗文案，文案为：[登录失败，请检查您的用户名或密码是否填写正确。]
2021-07-01 15:12:50,678 - Logger - INFO - 关闭浏览器
2021-07-01 15:12:52,439 - Logger - INFO - 打开网页，网页链接是：http://127.0.0.1/zentao/
2021-07-01 15:12:52,455 - Logger - INFO - 元素识别成功，元素名称是：用户名输入框
2021-07-01 15:12:52,488 - Logger - INFO - 用户名输入框元素输入内容，输入的内容是：admin
2021-07-01 15:12:52,499 - Logger - INFO - 元素识别成功，元素名称是：密码输入框
2021-07-01 15:12:52,559 - Logger - INFO - 密码输入框元素输入内容，输入的内容是：DENGdaxin12
2021-07-01 15:12:52,569 - Logger - INFO - 元素识别成功，元素名称是：登录按钮
2021-07-01 15:12:52,608 - Logger - INFO - 登录按钮元素点击成功
2021-07-01 15:12:53,119 - Logger - INFO - 元素识别成功，元素名称是：用户信息
2021-07-01 15:12:53,165 - Logger - INFO - 用户信息元素点击成功
2021-07-01 15:12:53,179 - Logger - INFO - 元素识别成功，元素名称是：退出登录
2021-07-01 15:12:53,590 - Logger - INFO - 退出登录元素点击成功
2021-07-01 15:12:53,597 - Logger - INFO - 获取页面title，title为：用户登录 - 禅道
2021-07-01 15:12:56,447 - Logger - INFO - 关闭浏览器
