2021-07-01 14:27:14,834 - Logger - INFO - 打开网页，网页链接是：http://127.0.0.1/zentao/
2021-07-01 14:27:14,851 - Logger - INFO - 元素识别成功，元素名称是：用户名输入框
2021-07-01 14:27:14,882 - Logger - INFO - 用户名输入框元素输入内容，输入的内容是：admin
2021-07-01 14:27:14,892 - Logger - INFO - 元素识别成功，元素名称是：密码输入框
2021-07-01 14:27:14,946 - Logger - INFO - 密码输入框元素输入内容，输入的内容是：123
2021-07-01 14:27:14,955 - Logger - INFO - 元素识别成功，元素名称是：登录按钮
2021-07-01 14:27:14,998 - Logger - INFO - 登录按钮元素点击成功
2021-07-01 14:27:17,003 - Logger - INFO - 获取alter弹窗文案，文案为：[登录失败，请检查您的用户名或密码是否填写正确。]
2021-07-01 14:27:19,635 - Logger - INFO - 关闭浏览器
2021-07-01 14:27:21,327 - Logger - INFO - 打开网页，网页链接是：http://127.0.0.1/zentao/
2021-07-01 14:27:21,344 - Logger - INFO - 元素识别成功，元素名称是：用户名输入框
2021-07-01 14:27:21,376 - Logger - INFO - 用户名输入框元素输入内容，输入的内容是：admin
2021-07-01 14:27:21,385 - Logger - INFO - 元素识别成功，元素名称是：密码输入框
2021-07-01 14:27:21,444 - Logger - INFO - 密码输入框元素输入内容，输入的内容是：DENGdaxin12
2021-07-01 14:27:21,453 - Logger - INFO - 元素识别成功，元素名称是：登录按钮
2021-07-01 14:27:21,491 - Logger - INFO - 登录按钮元素点击成功
2021-07-01 14:27:21,858 - Logger - INFO - 元素识别成功，元素名称是：用户信息
2021-07-01 14:27:21,896 - Logger - INFO - 用户信息元素点击成功
2021-07-01 14:27:21,906 - Logger - INFO - 元素识别成功，元素名称是：退出登录
2021-07-01 14:27:22,334 - Logger - INFO - 退出登录元素点击成功
2021-07-01 14:27:22,342 - Logger - INFO - 获取页面title，title为：用户登录 - 禅道
2021-07-01 14:27:25,459 - Logger - INFO - 关闭浏览器
2021-07-01 14:27:27,173 - Logger - INFO - 打开网页，网页链接是：http://127.0.0.1/zentao/
2021-07-01 14:27:27,188 - Logger - INFO - 元素识别成功，元素名称是：用户名输入框
2021-07-01 14:27:27,219 - Logger - INFO - 用户名输入框元素输入内容，输入的内容是：admin
2021-07-01 14:27:27,227 - Logger - INFO - 元素识别成功，元素名称是：密码输入框
2021-07-01 14:27:27,272 - Logger - INFO - 密码输入框元素输入内容，输入的内容是：123
2021-07-01 14:27:27,281 - Logger - INFO - 元素识别成功，元素名称是：登录按钮
2021-07-01 14:27:27,316 - Logger - INFO - 登录按钮元素点击成功
2021-07-01 14:27:29,325 - Logger - INFO - 获取alter弹窗文案，文案为：[登录失败，请检查您的用户名或密码是否填写正确。]
2021-07-01 14:27:31,451 - Logger - INFO - 关闭浏览器
2021-07-01 14:27:33,133 - Logger - INFO - 打开网页，网页链接是：http://127.0.0.1/zentao/
2021-07-01 14:27:33,148 - Logger - INFO - 元素识别成功，元素名称是：用户名输入框
2021-07-01 14:27:33,179 - Logger - INFO - 用户名输入框元素输入内容，输入的内容是：admin
2021-07-01 14:27:33,189 - Logger - INFO - 元素识别成功，元素名称是：密码输入框
2021-07-01 14:27:33,247 - Logger - INFO - 密码输入框元素输入内容，输入的内容是：DENGdaxin12
2021-07-01 14:27:33,255 - Logger - INFO - 元素识别成功，元素名称是：登录按钮
2021-07-01 14:27:33,291 - Logger - INFO - 登录按钮元素点击成功
2021-07-01 14:27:33,609 - Logger - INFO - 元素识别成功，元素名称是：用户信息
2021-07-01 14:27:33,654 - Logger - INFO - 用户信息元素点击成功
2021-07-01 14:27:33,666 - Logger - INFO - 元素识别成功，元素名称是：退出登录
2021-07-01 14:27:34,072 - Logger - INFO - 退出登录元素点击成功
2021-07-01 14:27:34,079 - Logger - INFO - 获取页面title，title为：用户登录 - 禅道
2021-07-01 14:27:37,253 - Logger - INFO - 关闭浏览器
