2021-07-01 15:22:58,304 - Logger - INFO - 打开网页，网页链接是：http://127.0.0.1/zentao/
2021-07-01 15:22:58,318 - Logger - INFO - 元素识别成功，元素名称是：用户名输入框
2021-07-01 15:22:58,348 - Logger - INFO - 用户名输入框元素输入内容，输入的内容是：admin
2021-07-01 15:22:58,360 - Logger - INFO - 元素识别成功，元素名称是：密码输入框
2021-07-01 15:22:58,413 - Logger - INFO - 密码输入框元素输入内容，输入的内容是：123
2021-07-01 15:22:58,425 - Logger - INFO - 元素识别成功，元素名称是：登录按钮
2021-07-01 15:22:58,470 - Logger - INFO - 登录按钮元素点击成功
2021-07-01 15:23:00,488 - Logger - INFO - 获取alter弹窗文案，文案为：[登录失败，请检查您的用户名或密码是否填写正确。]
2021-07-01 15:23:02,645 - Logger - INFO - 关闭浏览器
2021-07-01 15:23:04,322 - Logger - INFO - 打开网页，网页链接是：http://127.0.0.1/zentao/
2021-07-01 15:23:04,336 - Logger - INFO - 元素识别成功，元素名称是：用户名输入框
2021-07-01 15:23:04,366 - Logger - INFO - 用户名输入框元素输入内容，输入的内容是：admin
2021-07-01 15:23:04,376 - Logger - INFO - 元素识别成功，元素名称是：密码输入框
2021-07-01 15:23:04,432 - Logger - INFO - 密码输入框元素输入内容，输入的内容是：DENGdaxin12
2021-07-01 15:23:04,441 - Logger - INFO - 元素识别成功，元素名称是：登录按钮
2021-07-01 15:23:04,480 - Logger - INFO - 登录按钮元素点击成功
2021-07-01 15:23:04,827 - Logger - INFO - 元素识别成功，元素名称是：用户信息
2021-07-01 15:23:04,871 - Logger - INFO - 用户信息元素点击成功
2021-07-01 15:23:04,887 - Logger - INFO - 元素识别成功，元素名称是：退出登录
2021-07-01 15:23:05,423 - Logger - INFO - 退出登录元素点击成功
2021-07-01 15:23:05,430 - Logger - INFO - 获取页面title，title为：用户登录 - 禅道
2021-07-01 15:23:08,477 - Logger - INFO - 关闭浏览器
