2021-07-01 13:22:31,675 - Logger - INFO - 打开网页，网页链接是：http://127.0.0.1/zentao/
2021-07-01 13:22:31,694 - Logger - INFO - 元素识别成功，元素名称是：用户名输入框
2021-07-01 13:22:31,740 - Logger - INFO - 用户名输入框元素输入内容，输入的内容是：admin
2021-07-01 13:22:31,757 - Logger - INFO - 元素识别成功，元素名称是：密码输入框
2021-07-01 13:22:31,813 - Logger - INFO - 密码输入框元素输入内容，输入的内容是：123
2021-07-01 13:22:31,827 - Logger - INFO - 元素识别成功，元素名称是：登录按钮
2021-07-01 13:22:31,881 - Logger - INFO - 登录按钮元素点击成功
2021-07-01 13:22:33,892 - Logger - INFO - 获取alter弹窗文案，文案为：[登录失败，请检查您的用户名或密码是否填写正确。]
2021-07-01 13:22:36,267 - Logger - INFO - 关闭浏览器
2021-07-01 13:22:38,007 - Logger - INFO - 打开网页，网页链接是：http://127.0.0.1/zentao/
2021-07-01 13:22:38,024 - Logger - INFO - 元素识别成功，元素名称是：用户名输入框
2021-07-01 13:22:38,056 - Logger - INFO - 用户名输入框元素输入内容，输入的内容是：admin
2021-07-01 13:22:38,065 - Logger - INFO - 元素识别成功，元素名称是：密码输入框
2021-07-01 13:22:38,124 - Logger - INFO - 密码输入框元素输入内容，输入的内容是：DENGdaxin12
2021-07-01 13:22:38,134 - Logger - INFO - 元素识别成功，元素名称是：登录按钮
2021-07-01 13:22:38,170 - Logger - INFO - 登录按钮元素点击成功
2021-07-01 13:22:38,672 - Logger - INFO - 元素识别成功，元素名称是：用户信息
2021-07-01 13:22:38,719 - Logger - INFO - 用户信息元素点击成功
2021-07-01 13:22:38,730 - Logger - INFO - 元素识别成功，元素名称是：退出登录
2021-07-01 13:22:39,189 - Logger - INFO - 退出登录元素点击成功
2021-07-01 13:22:39,195 - Logger - INFO - 获取页面title，title为：用户登录 - 禅道
2021-07-01 13:22:42,022 - Logger - INFO - 关闭浏览器
