2021-07-01 15:06:05,102 - Logger - INFO - 打开网页，网页链接是：http://127.0.0.1/zentao/
2021-07-01 15:06:05,117 - Logger - INFO - 元素识别成功，元素名称是：用户名输入框
2021-07-01 15:06:05,147 - Logger - INFO - 用户名输入框元素输入内容，输入的内容是：admin
2021-07-01 15:06:05,158 - Logger - INFO - 元素识别成功，元素名称是：密码输入框
2021-07-01 15:06:05,201 - Logger - INFO - 密码输入框元素输入内容，输入的内容是：123
2021-07-01 15:06:05,212 - Logger - INFO - 元素识别成功，元素名称是：登录按钮
2021-07-01 15:06:05,251 - Logger - INFO - 登录按钮元素点击成功
2021-07-01 15:06:07,255 - Logger - INFO - 获取alter弹窗文案，文案为：[登录失败，请检查您的用户名或密码是否填写正确。]
2021-07-01 15:06:09,376 - Logger - INFO - 关闭浏览器
2021-07-01 15:06:11,104 - Logger - INFO - 打开网页，网页链接是：http://127.0.0.1/zentao/
2021-07-01 15:06:11,117 - Logger - INFO - 元素识别成功，元素名称是：用户名输入框
2021-07-01 15:06:11,148 - Logger - INFO - 用户名输入框元素输入内容，输入的内容是：admin
2021-07-01 15:06:11,156 - Logger - INFO - 元素识别成功，元素名称是：密码输入框
2021-07-01 15:06:11,214 - Logger - INFO - 密码输入框元素输入内容，输入的内容是：DENGdaxin12
2021-07-01 15:06:11,224 - Logger - INFO - 元素识别成功，元素名称是：登录按钮
2021-07-01 15:06:11,262 - Logger - INFO - 登录按钮元素点击成功
2021-07-01 15:06:11,641 - Logger - INFO - 元素识别成功，元素名称是：用户信息
2021-07-01 15:06:11,677 - Logger - INFO - 用户信息元素点击成功
2021-07-01 15:06:11,688 - Logger - INFO - 元素识别成功，元素名称是：退出登录
2021-07-01 15:06:12,140 - Logger - INFO - 退出登录元素点击成功
2021-07-01 15:06:12,147 - Logger - INFO - 获取页面title，title为：用户登录 - 禅道
2021-07-01 15:06:15,447 - Logger - INFO - 关闭浏览器
